[r[runner] docker run --detach --name arcz-sim-41a2bf546fe8 --network host -e HEADLESS=1 -e PX4_SIM_MODEL=gz_x500 -e PX4_GZ_WORLD=default -e ROS_DOMAIN_ID=0 -v /home/radek/arcz_sim/scenarios/0_example/recent_output:/test_output px4io/px4-sitl-gazebo:latest
2bebf64f3ba5f65e6f9f8dd9e862bbba80b59f9b8e4fc97d066b32f6bde033bb
[r[runner] Waiting for MAVLink heartbeat on udpin:0.0.0.0:14540

______  __   __    ___
| ___ \ \ \ / /   /   |
| |_/ /  \ V /   / /| |
|  __/   /   \  / /_| |
| |     / /^\ \ \___  |
\_|     \/   \/     |_/

px4 starting.

INFO  [px4] startup script: /bin/sh etc/init.d-posix/rcS 0
INFO  [init] found model autostart file as SYS_AUTOSTART=4001
INFO  [param] selected parameter default file parameters.bson
INFO  [param] selected parameter backup file parameters_backup.bson
  SYS_AUTOCONFIG: curr: 0 -> new: 1
  SYS_AUTOSTART: curr: 0 -> new: 4001
  CAL_ACC0_ID: curr: 0 -> new: 1310988
  CAL_GYRO0_ID: curr: 0 -> new: 1310988
  CAL_ACC1_ID: curr: 0 -> new: 1310996
  CAL_GYRO1_ID: curr: 0 -> new: 1310996
  CAL_ACC2_ID: curr: 0 -> new: 1311004
  CAL_GYRO2_ID: curr: 0 -> new: 1311004
  CAL_MAG0_ID: curr: 0 -> new: 197388
  CAL_MAG0_PRIO: curr: -1 -> new: 50
  CAL_MAG1_ID: curr: 0 -> new: 197644
  CAL_MAG1_PRIO: curr: -1 -> new: 50
  SENS_BOARD_X_OFF: curr: 0.0000 -> new: 0.0000
  SENS_DPRES_OFF: curr: 0.0000 -> new: 0.0010
INFO  [dataman] data manager file './dataman' size is 1208528 bytes
INFO  [init] Gazebo simulator 8.11.0
INFO  [init] Starting gazebo with world: /opt/px4-gazebo/share/gz/worlds/default.sdf
INFO  [init] Waiting for Gazebo world...
INFO  [init] Gazebo world is ready
INFO  [init] Spawning Gazebo model
Warning [Utils.cc:132] [/sdf/model[@name="x500_base"]/link[@name="base_link"]/sensor[@name="air_pressure_sensor"]/gz_frame_id:/opt/px4-gazebo/share/gz/models/x500_base/model.sdf:L219]: XML Element[gz_frame_id], child of element[sensor], not defined in SDF. Copying[gz_frame_id] as children of [sensor].
Warning [Utils.cc:132] [/sdf/model[@name="x500_base"]/link[@name="base_link"]/sensor[@name="magnetometer_sensor"]/gz_frame_id:/opt/px4-gazebo/share/gz/models/x500_base/model.sdf:L233]: XML Element[gz_frame_id], child of element[sensor], not defined in SDF. Copying[gz_frame_id] as children of [sensor].
Warning [Utils.cc:132] [/sdf/model[@name="x500_base"]/link[@name="base_link"]/sensor[@name="imu_sensor"]/gz_frame_id:/opt/px4-gazebo/share/gz/models/x500_base/model.sdf:L259]: XML Element[gz_frame_id], child of element[sensor], not defined in SDF. Copying[gz_frame_id] as children of [sensor].
Warning [Utils.cc:132] [/sdf/model[@name="x500_base"]/link[@name="base_link"]/sensor[@name="navsat_sensor"]/gz_frame_id:/opt/px4-gazebo/share/gz/models/x500_base/model.sdf:L311]: XML Element[gz_frame_id], child of element[sensor], not defined in SDF. Copying[gz_frame_id] as children of [sensor].
INFO  [lockstep_scheduler] setting initial absolute time to 4176000 us
INFO  [gz_bridge] world: default, model: x500_0
INFO  [init] Setting camera to follow x500_0
INFO  [init] Camera follow offset set to -2.0, -2.0, 2.0
INFO  [commander] LED: open /dev/led0 failed (22)
WARN  [health_and_arming_checks] Preflight Fail: barometer 0 missing
WARN  [health_and_arming_checks] Preflight Fail: ekf2 missing data
WARN  [health_and_arming_checks] Preflight Fail: system power unavailable
WARN  [health_and_arming_checks] Preflight Fail: No connection to the GCS
INFO  [tone_alarm] home set
INFO  [uxrce_dds_client] init UDP agent IP:127.0.0.1, port:8888
INFO  [mavlink] mode: Normal, data rate: 4000000 B/s on udp port 18570 remote port 14550
INFO  [mavlink] partner IP: 127.0.0.1
INFO  [mavlink] mode: Onboard, data rate: 4000000 B/s on udp port 14580 remote port 14540
INFO  [mavlink] mode: Onboard, data rate: 4000 B/s on udp port 14280 remote port 14030
INFO  [mavlink] mode: Gimbal, data rate: 400000 B/s on udp port 13030 remote port 13280
INFO  [logger] logger started (mode=all)
INFO  [logger] Max log file size: 1024 MiB
INFO  [logger] Start file log (type: full)
INFO  [logger] [logger] ./log/2026-06-13/22_13_54.ulg
INFO  [logger] Opened full log file: ./log/2026-06-13/22_13_54.ulg
INFO  [mavlink] MAVLink only on localhost (set param MAV_{i}_BROADCAST = 1 to enable network)
INFO  [mavlink] MAVLink only on localhost (set param MAV_{i}_BROADCAST = 1 to enable network)
INFO  [px4] Startup script returned successfully


[runner] MAVLink heartbeat: system=1 component=0
[2K


[r[runner] param MIS_TAKEOFF_ALT=5: ack
[r[runner] param MPC_XY_CRUISE=3: ack
[r[runner] param MPC_Z_VEL_MAX_UP=2: ack
INFO  [mavlink] partner IP: 127.0.0.1
[r[runner] param COM_ARM_WO_GPS=1: ack

ERROR [mavlink] param types mismatch param: COM_ARM_WO_GPS


 WARN  [navigator] Mission rejected: empty


[runner] mission item 0 sent
[r[runner] mission item 1 sent
[r[runner] mission item 2 sent
[r[runner] mission upload accepted
[2K

INFO  [tone_alarm] notify positive
WARN  [mc_pos_control] Ascent speed has been constrained by max speed


INFO  [commander] Ready for takeoff!


[r[runner] requested AUTO.MISSION mode, arm, and mission start
K

px[r[runner] letting scenario run for 45s
h>


 INFO  [commander] Armed by external command

 INFO  [navigator] Executing Mission

INFO  [navigator] Climb to 5.0 meters above home


INFO  [tone_alarm] arming warning


  ERROR [sensors] Accel #0 fail:  TIMEOUT!


INFO  [commander] Takeoff detected


WARN  [health_and_arming_checks] Preflight Fail: High Accelerometer Bias


 ERROR [sensors] Accel #0 fail:  TIMEOUT!


ERROR [sensors] Accel #0 fail:  TIMEOUT!


 ERROR [sensors] Accel #0 fail:  TIMEOUT!


ERROR [sensors] Accel #0 fail:  TIMEOUT!


[r[runner] copied /root/.local/share/px4/rootfs/log/2026-06-13/22_13_54.ulg to px4.ulg
>


PX4 Exiting...
Exiting NOW.
